<?xml version="1.0" encoding="UTF-8"?>
<coverage generated="1658415820093" clover="3.2.0">
  <project timestamp="1658415820093" name="All files">
    <metrics statements="91" coveredstatements="88" conditionals="24" coveredconditionals="18" methods="29" coveredmethods="27" elements="144" coveredelements="133" complexity="0" loc="91" ncloc="91" packages="1" files="4" classes="4"/>
    <file name="doubleBond.ts" path="D:\STUDY\大三下\百度前端\大作业\doubleBond\doubleBond.ts">
      <metrics statements="27" coveredstatements="27" conditionals="4" coveredconditionals="3" methods="8" coveredmethods="8"/>
      <line num="2" count="1" type="stmt"/>
      <line num="3" count="1" type="stmt"/>
      <line num="9" count="26" type="stmt"/>
      <line num="10" count="26" type="stmt"/>
      <line num="14" count="10" type="stmt"/>
      <line num="18" count="4" type="stmt"/>
      <line num="19" count="5" type="stmt"/>
      <line num="31" count="12" type="stmt"/>
      <line num="32" count="12" type="stmt"/>
      <line num="33" count="12" type="stmt"/>
      <line num="34" count="12" type="stmt"/>
      <line num="35" count="12" type="stmt"/>
      <line num="38" count="5" type="stmt"/>
      <line num="39" count="5" type="stmt"/>
      <line num="40" count="5" type="cond" truecount="1" falsecount="1"/>
      <line num="41" count="5" type="stmt"/>
      <line num="42" count="5" type="stmt"/>
      <line num="47" count="17" type="stmt"/>
      <line num="48" count="17" type="stmt"/>
      <line num="49" count="17" type="stmt"/>
      <line num="50" count="17" type="stmt"/>
      <line num="51" count="17" type="stmt"/>
      <line num="56" count="15" type="stmt"/>
      <line num="57" count="15" type="cond" truecount="2" falsecount="0"/>
      <line num="58" count="10" type="stmt"/>
      <line num="59" count="10" type="stmt"/>
      <line num="60" count="10" type="stmt"/>
    </file>
    <file name="myCompiler.ts" path="D:\STUDY\大三下\百度前端\大作业\doubleBond\myCompiler.ts">
      <metrics statements="37" coveredstatements="37" conditionals="8" coveredconditionals="7" methods="14" coveredmethods="14"/>
      <line num="7" count="6" type="stmt"/>
      <line num="8" count="6" type="stmt"/>
      <line num="9" count="6" type="stmt"/>
      <line num="13" count="6" type="stmt"/>
      <line num="17" count="18" type="cond" truecount="2" falsecount="0"/>
      <line num="18" count="11" type="stmt"/>
      <line num="19" count="11" type="stmt"/>
      <line num="20" count="12" type="stmt"/>
      <line num="22" count="7" type="cond" truecount="1" falsecount="1"/>
      <line num="23" count="7" type="stmt"/>
      <line num="29" count="11" type="stmt"/>
      <line num="30" count="11" type="stmt"/>
      <line num="31" count="11" type="cond" truecount="2" falsecount="0"/>
      <line num="32" count="2" type="stmt"/>
      <line num="33" count="9" type="cond" truecount="2" falsecount="0"/>
      <line num="34" count="1" type="stmt"/>
      <line num="40" count="2" type="stmt"/>
      <line num="41" count="2" type="stmt"/>
      <line num="42" count="2" type="stmt"/>
      <line num="43" count="2" type="stmt"/>
      <line num="44" count="2" type="stmt"/>
      <line num="46" count="2" type="stmt"/>
      <line num="47" count="2" type="stmt"/>
      <line num="57" count="1" type="stmt"/>
      <line num="58" count="1" type="stmt"/>
      <line num="59" count="1" type="stmt"/>
      <line num="60" count="1" type="stmt"/>
      <line num="61" count="1" type="stmt"/>
      <line num="66" count="11" type="stmt"/>
      <line num="70" count="9" type="stmt"/>
      <line num="74" count="7" type="stmt"/>
      <line num="76" count="7" type="stmt"/>
      <line num="77" count="10" type="stmt"/>
      <line num="78" count="10" type="stmt"/>
      <line num="79" count="10" type="stmt"/>
      <line num="80" count="10" type="stmt"/>
      <line num="81" count="3" type="stmt"/>
    </file>
    <file name="myMVVM.ts" path="D:\STUDY\大三下\百度前端\大作业\doubleBond\myMVVM.ts">
      <metrics statements="13" coveredstatements="11" conditionals="4" coveredconditionals="2" methods="4" coveredmethods="2"/>
      <line num="8" count="6" type="stmt"/>
      <line num="9" count="6" type="stmt"/>
      <line num="10" count="6" type="stmt"/>
      <line num="11" count="6" type="stmt"/>
      <line num="15" count="6" type="stmt"/>
      <line num="16" count="6" type="cond" truecount="1" falsecount="1"/>
      <line num="17" count="6" type="cond" truecount="1" falsecount="1"/>
      <line num="19" count="6" type="stmt"/>
      <line num="20" count="5" type="stmt"/>
      <line num="23" count="6" type="stmt"/>
      <line num="24" count="26" type="stmt"/>
      <line num="29" count="0" type="stmt"/>
      <line num="33" count="0" type="stmt"/>
    </file>
    <file name="myObserve.ts" path="D:\STUDY\大三下\百度前端\大作业\doubleBond\myObserve.ts">
      <metrics statements="14" coveredstatements="13" conditionals="8" coveredconditionals="6" methods="3" coveredmethods="3"/>
      <line num="6" count="6" type="cond" truecount="3" falsecount="1"/>
      <line num="8" count="6" type="stmt"/>
      <line num="10" count="26" type="stmt"/>
      <line num="11" count="26" type="stmt"/>
      <line num="13" count="26" type="stmt"/>
      <line num="18" count="27" type="cond" truecount="2" falsecount="0"/>
      <line num="19" count="15" type="stmt"/>
      <line num="20" count="15" type="stmt"/>
      <line num="22" count="27" type="stmt"/>
      <line num="26" count="4" type="stmt"/>
      <line num="27" count="4" type="stmt"/>
      <line num="28" count="4" type="stmt"/>
      <line num="32" count="26" type="cond" truecount="1" falsecount="1"/>
      <line num="33" count="0" type="stmt"/>
    </file>
  </project>
</coverage>
