{"D:\\STUDY\\大三下\\百度前端\\大作业\\doubleBond\\doubleBond.ts": {"path":"D:\\STUDY\\大三下\\百度前端\\大作业\\doubleBond\\doubleBond.ts","statementMap":{"0":{"start":{"line":2,"column":28},"end":{"line":2,"column":32}},"1":{"start":{"line":3,"column":16},"end":{"line":3,"column":17}},"2":{"start":{"line":9,"column":8},"end":{"line":9,"column":23}},"3":{"start":{"line":10,"column":8},"end":{"line":10,"column":28}},"4":{"start":{"line":14,"column":8},"end":{"line":14,"column":38}},"5":{"start":{"line":18,"column":8},"end":{"line":20,"column":11}},"6":{"start":{"line":19,"column":12},"end":{"line":19,"column":30}},"7":{"start":{"line":31,"column":8},"end":{"line":31,"column":27}},"8":{"start":{"line":32,"column":8},"end":{"line":32,"column":21}},"9":{"start":{"line":33,"column":8},"end":{"line":33,"column":23}},"10":{"start":{"line":34,"column":8},"end":{"line":34,"column":33}},"11":{"start":{"line":35,"column":8},"end":{"line":35,"column":33}},"12":{"start":{"line":38,"column":21},"end":{"line":38,"column":29}},"13":{"start":{"line":39,"column":21},"end":{"line":39,"column":34}},"14":{"start":{"line":40,"column":8},"end":{"line":43,"column":9}},"15":{"start":{"line":41,"column":12},"end":{"line":41,"column":30}},"16":{"start":{"line":42,"column":12},"end":{"line":42,"column":56}},"17":{"start":{"line":47,"column":8},"end":{"line":47,"column":54}},"18":{"start":{"line":48,"column":8},"end":{"line":48,"column":26}},"19":{"start":{"line":49,"column":18},"end":{"line":49,"column":56}},"20":{"start":{"line":50,"column":8},"end":{"line":50,"column":26}},"21":{"start":{"line":51,"column":8},"end":{"line":51,"column":19}},"22":{"start":{"line":56,"column":15},"end":{"line":56,"column":22}},"23":{"start":{"line":57,"column":8},"end":{"line":61,"column":9}},"24":{"start":{"line":58,"column":12},"end":{"line":58,"column":35}},"25":{"start":{"line":59,"column":12},"end":{"line":59,"column":37}},"26":{"start":{"line":60,"column":12},"end":{"line":60,"column":86}}},"fnMap":{"0":{"name":"(anonymous_0)","decl":{"start":{"line":8,"column":4},"end":{"line":8,"column":5}},"loc":{"start":{"line":8,"column":18},"end":{"line":11,"column":5}},"line":8},"1":{"name":"(anonymous_1)","decl":{"start":{"line":13,"column":4},"end":{"line":13,"column":5}},"loc":{"start":{"line":13,"column":40},"end":{"line":15,"column":5}},"line":13},"2":{"name":"(anonymous_2)","decl":{"start":{"line":17,"column":4},"end":{"line":17,"column":5}},"loc":{"start":{"line":17,"column":13},"end":{"line":21,"column":5}},"line":17},"3":{"name":"(anonymous_3)","decl":{"start":{"line":18,"column":31},"end":{"line":18,"column":32}},"loc":{"start":{"line":18,"column":43},"end":{"line":20,"column":9}},"line":18},"4":{"name":"(anonymous_4)","decl":{"start":{"line":30,"column":4},"end":{"line":30,"column":5}},"loc":{"start":{"line":30,"column":56},"end":{"line":36,"column":5}},"line":30},"5":{"name":"(anonymous_5)","decl":{"start":{"line":37,"column":4},"end":{"line":37,"column":5}},"loc":{"start":{"line":37,"column":13},"end":{"line":44,"column":5}},"line":37},"6":{"name":"(anonymous_6)","decl":{"start":{"line":46,"column":4},"end":{"line":46,"column":5}},"loc":{"start":{"line":46,"column":13},"end":{"line":52,"column":5}},"line":46},"7":{"name":"(anonymous_7)","decl":{"start":{"line":54,"column":4},"end":{"line":54,"column":5}},"loc":{"start":{"line":54,"column":30},"end":{"line":62,"column":5}},"line":54}},"branchMap":{"0":{"loc":{"start":{"line":40,"column":8},"end":{"line":43,"column":9}},"type":"if","locations":[{"start":{"line":40,"column":8},"end":{"line":43,"column":9}},{"start":{},"end":{}}],"line":40},"1":{"loc":{"start":{"line":57,"column":8},"end":{"line":61,"column":9}},"type":"if","locations":[{"start":{"line":57,"column":8},"end":{"line":61,"column":9}},{"start":{},"end":{}}],"line":57}},"s":{"0":1,"1":1,"2":26,"3":26,"4":10,"5":4,"6":5,"7":12,"8":12,"9":12,"10":12,"11":12,"12":5,"13":5,"14":5,"15":5,"16":5,"17":17,"18":17,"19":17,"20":17,"21":17,"22":15,"23":15,"24":10,"25":10,"26":10},"f":{"0":26,"1":10,"2":4,"3":5,"4":12,"5":5,"6":17,"7":15},"b":{"0":[5,0],"1":[10,5]},"_coverageSchema":"1a1c01bbd47fc00a2c39e90264f33305004495a9","hash":"27130f0ca6aab8fc4ef5af88c923a73150fa77bc"}
,"D:\\STUDY\\大三下\\百度前端\\大作业\\doubleBond\\myCompiler.ts": {"path":"D:\\STUDY\\大三下\\百度前端\\大作业\\doubleBond\\myCompiler.ts","statementMap":{"0":{"start":{"line":7,"column":8},"end":{"line":7,"column":21}},"1":{"start":{"line":8,"column":8},"end":{"line":8,"column":28}},"2":{"start":{"line":9,"column":8},"end":{"line":9,"column":23}},"3":{"start":{"line":13,"column":8},"end":{"line":13,"column":33}},"4":{"start":{"line":17,"column":8},"end":{"line":24,"column":9}},"5":{"start":{"line":18,"column":12},"end":{"line":18,"column":35}},"6":{"start":{"line":19,"column":12},"end":{"line":21,"column":15}},"7":{"start":{"line":20,"column":16},"end":{"line":20,"column":41}},"8":{"start":{"line":22,"column":14},"end":{"line":24,"column":9}},"9":{"start":{"line":23,"column":12},"end":{"line":23,"column":34}},"10":{"start":{"line":29,"column":23},"end":{"line":29,"column":50}},"11":{"start":{"line":30,"column":8},"end":{"line":36,"column":11}},"12":{"start":{"line":31,"column":12},"end":{"line":35,"column":13}},"13":{"start":{"line":32,"column":16},"end":{"line":32,"column":43}},"14":{"start":{"line":33,"column":18},"end":{"line":35,"column":13}},"15":{"start":{"line":34,"column":16},"end":{"line":34,"column":44}},"16":{"start":{"line":40,"column":18},"end":{"line":40,"column":28}},"17":{"start":{"line":41,"column":8},"end":{"line":41,"column":39}},"18":{"start":{"line":42,"column":8},"end":{"line":42,"column":31}},"19":{"start":{"line":43,"column":8},"end":{"line":45,"column":11}},"20":{"start":{"line":44,"column":12},"end":{"line":44,"column":31}},"21":{"start":{"line":46,"column":8},"end":{"line":49,"column":10}},"22":{"start":{"line":47,"column":11},"end":{"line":47,"column":46}},"23":{"start":{"line":57,"column":25},"end":{"line":57,"column":49}},"24":{"start":{"line":58,"column":23},"end":{"line":58,"column":39}},"25":{"start":{"line":59,"column":24},"end":{"line":59,"column":73}},"26":{"start":{"line":60,"column":21},"end":{"line":60,"column":31}},"27":{"start":{"line":61,"column":8},"end":{"line":61,"column":66}},"28":{"start":{"line":66,"column":8},"end":{"line":66,"column":40}},"29":{"start":{"line":70,"column":8},"end":{"line":70,"column":47}},"30":{"start":{"line":74,"column":18},"end":{"line":74,"column":30}},"31":{"start":{"line":76,"column":8},"end":{"line":83,"column":9}},"32":{"start":{"line":77,"column":25},"end":{"line":77,"column":33}},"33":{"start":{"line":78,"column":22},"end":{"line":78,"column":37}},"34":{"start":{"line":79,"column":12},"end":{"line":79,"column":79}},"35":{"start":{"line":80,"column":12},"end":{"line":82,"column":15}},"36":{"start":{"line":81,"column":16},"end":{"line":81,"column":72}}},"fnMap":{"0":{"name":"(anonymous_0)","decl":{"start":{"line":6,"column":4},"end":{"line":6,"column":5}},"loc":{"start":{"line":6,"column":25},"end":{"line":10,"column":5}},"line":6},"1":{"name":"(anonymous_1)","decl":{"start":{"line":12,"column":4},"end":{"line":12,"column":5}},"loc":{"start":{"line":12,"column":14},"end":{"line":14,"column":5}},"line":12},"2":{"name":"(anonymous_2)","decl":{"start":{"line":16,"column":4},"end":{"line":16,"column":5}},"loc":{"start":{"line":16,"column":23},"end":{"line":25,"column":5}},"line":16},"3":{"name":"(anonymous_3)","decl":{"start":{"line":19,"column":36},"end":{"line":19,"column":37}},"loc":{"start":{"line":19,"column":56},"end":{"line":21,"column":13}},"line":19},"4":{"name":"(anonymous_4)","decl":{"start":{"line":28,"column":4},"end":{"line":28,"column":5}},"loc":{"start":{"line":28,"column":26},"end":{"line":37,"column":5}},"line":28},"5":{"name":"(anonymous_5)","decl":{"start":{"line":30,"column":25},"end":{"line":30,"column":26}},"loc":{"start":{"line":30,"column":39},"end":{"line":36,"column":9}},"line":30},"6":{"name":"(anonymous_6)","decl":{"start":{"line":39,"column":4},"end":{"line":39,"column":5}},"loc":{"start":{"line":39,"column":34},"end":{"line":54,"column":5}},"line":39},"7":{"name":"(anonymous_7)","decl":{"start":{"line":43,"column":35},"end":{"line":43,"column":36}},"loc":{"start":{"line":43,"column":55},"end":{"line":45,"column":9}},"line":43},"8":{"name":"(anonymous_8)","decl":{"start":{"line":46,"column":40},"end":{"line":46,"column":41}},"loc":{"start":{"line":46,"column":51},"end":{"line":49,"column":9}},"line":46},"9":{"name":"(anonymous_9)","decl":{"start":{"line":56,"column":4},"end":{"line":56,"column":5}},"loc":{"start":{"line":56,"column":35},"end":{"line":62,"column":5}},"line":56},"10":{"name":"(anonymous_10)","decl":{"start":{"line":65,"column":4},"end":{"line":65,"column":5}},"loc":{"start":{"line":65,"column":29},"end":{"line":67,"column":5}},"line":65},"11":{"name":"(anonymous_11)","decl":{"start":{"line":69,"column":4},"end":{"line":69,"column":5}},"loc":{"start":{"line":69,"column":30},"end":{"line":71,"column":5}},"line":69},"12":{"name":"(anonymous_12)","decl":{"start":{"line":73,"column":4},"end":{"line":73,"column":5}},"loc":{"start":{"line":73,"column":25},"end":{"line":84,"column":5}},"line":73},"13":{"name":"(anonymous_13)","decl":{"start":{"line":80,"column":39},"end":{"line":80,"column":40}},"loc":{"start":{"line":80,"column":72},"end":{"line":82,"column":13}},"line":80}},"branchMap":{"0":{"loc":{"start":{"line":17,"column":8},"end":{"line":24,"column":9}},"type":"if","locations":[{"start":{"line":17,"column":8},"end":{"line":24,"column":9}},{"start":{"line":22,"column":14},"end":{"line":24,"column":9}}],"line":17},"1":{"loc":{"start":{"line":22,"column":14},"end":{"line":24,"column":9}},"type":"if","locations":[{"start":{"line":22,"column":14},"end":{"line":24,"column":9}},{"start":{},"end":{}}],"line":22},"2":{"loc":{"start":{"line":31,"column":12},"end":{"line":35,"column":13}},"type":"if","locations":[{"start":{"line":31,"column":12},"end":{"line":35,"column":13}},{"start":{"line":33,"column":18},"end":{"line":35,"column":13}}],"line":31},"3":{"loc":{"start":{"line":33,"column":18},"end":{"line":35,"column":13}},"type":"if","locations":[{"start":{"line":33,"column":18},"end":{"line":35,"column":13}},{"start":{},"end":{}}],"line":33}},"s":{"0":6,"1":6,"2":6,"3":6,"4":18,"5":11,"6":11,"7":12,"8":7,"9":7,"10":11,"11":11,"12":11,"13":2,"14":9,"15":1,"16":2,"17":2,"18":2,"19":2,"20":2,"21":2,"22":2,"23":1,"24":1,"25":1,"26":1,"27":1,"28":11,"29":9,"30":7,"31":7,"32":10,"33":10,"34":10,"35":10,"36":3},"f":{"0":6,"1":6,"2":18,"3":12,"4":11,"5":11,"6":2,"7":2,"8":2,"9":1,"10":11,"11":9,"12":7,"13":3},"b":{"0":[11,7],"1":[7,0],"2":[2,9],"3":[1,8]},"_coverageSchema":"1a1c01bbd47fc00a2c39e90264f33305004495a9","hash":"a765393593b6c8c12b57b82a7498a0f856763b20"}
,"D:\\STUDY\\大三下\\百度前端\\大作业\\doubleBond\\myMVVM.ts": {"path":"D:\\STUDY\\大三下\\百度前端\\大作业\\doubleBond\\myMVVM.ts","statementMap":{"0":{"start":{"line":8,"column":8},"end":{"line":8,"column":30}},"1":{"start":{"line":9,"column":8},"end":{"line":9,"column":24}},"2":{"start":{"line":10,"column":8},"end":{"line":10,"column":27}},"3":{"start":{"line":11,"column":8},"end":{"line":11,"column":26}},"4":{"start":{"line":15,"column":8},"end":{"line":15,"column":28}},"5":{"start":{"line":16,"column":8},"end":{"line":16,"column":36}},"6":{"start":{"line":17,"column":8},"end":{"line":17,"column":43}},"7":{"start":{"line":19,"column":8},"end":{"line":21,"column":9}},"8":{"start":{"line":20,"column":12},"end":{"line":20,"column":61}},"9":{"start":{"line":23,"column":8},"end":{"line":36,"column":9}},"10":{"start":{"line":24,"column":12},"end":{"line":35,"column":15}},"11":{"start":{"line":29,"column":20},"end":{"line":29,"column":58}},"12":{"start":{"line":33,"column":20},"end":{"line":33,"column":60}}},"fnMap":{"0":{"name":"(anonymous_0)","decl":{"start":{"line":7,"column":4},"end":{"line":7,"column":5}},"loc":{"start":{"line":7,"column":26},"end":{"line":12,"column":5}},"line":7},"1":{"name":"(anonymous_1)","decl":{"start":{"line":13,"column":4},"end":{"line":13,"column":5}},"loc":{"start":{"line":13,"column":19},"end":{"line":37,"column":5}},"line":13},"2":{"name":"(anonymous_2)","decl":{"start":{"line":28,"column":21},"end":{"line":28,"column":22}},"loc":{"start":{"line":28,"column":26},"end":{"line":30,"column":17}},"line":28},"3":{"name":"(anonymous_3)","decl":{"start":{"line":32,"column":21},"end":{"line":32,"column":22}},"loc":{"start":{"line":32,"column":36},"end":{"line":34,"column":17}},"line":32}},"branchMap":{"0":{"loc":{"start":{"line":16,"column":20},"end":{"line":16,"column":35}},"type":"binary-expr","locations":[{"start":{"line":16,"column":20},"end":{"line":16,"column":29}},{"start":{"line":16,"column":33},"end":{"line":16,"column":35}}],"line":16},"1":{"loc":{"start":{"line":17,"column":23},"end":{"line":17,"column":41}},"type":"binary-expr","locations":[{"start":{"line":17,"column":23},"end":{"line":17,"column":35}},{"start":{"line":17,"column":39},"end":{"line":17,"column":41}}],"line":17}},"s":{"0":6,"1":6,"2":6,"3":6,"4":6,"5":6,"6":6,"7":6,"8":5,"9":6,"10":26,"11":0,"12":0},"f":{"0":6,"1":6,"2":0,"3":0},"b":{"0":[6,0],"1":[6,0]},"_coverageSchema":"1a1c01bbd47fc00a2c39e90264f33305004495a9","hash":"9c1baad092ab06cf01baea867afa045c024ffa1a"}
,"D:\\STUDY\\大三下\\百度前端\\大作业\\doubleBond\\myObserve.ts": {"path":"D:\\STUDY\\大三下\\百度前端\\大作业\\doubleBond\\myObserve.ts","statementMap":{"0":{"start":{"line":6,"column":4},"end":{"line":6,"column":49}},"1":{"start":{"line":6,"column":42},"end":{"line":6,"column":49}},"2":{"start":{"line":8,"column":4},"end":{"line":35,"column":5}},"3":{"start":{"line":10,"column":22},"end":{"line":10,"column":52}},"4":{"start":{"line":11,"column":19},"end":{"line":11,"column":32}},"5":{"start":{"line":13,"column":8},"end":{"line":30,"column":11}},"6":{"start":{"line":18,"column":16},"end":{"line":21,"column":17}},"7":{"start":{"line":19,"column":20},"end":{"line":19,"column":72}},"8":{"start":{"line":20,"column":20},"end":{"line":20,"column":49}},"9":{"start":{"line":22,"column":16},"end":{"line":22,"column":27}},"10":{"start":{"line":26,"column":16},"end":{"line":26,"column":47}},"11":{"start":{"line":27,"column":16},"end":{"line":27,"column":29}},"12":{"start":{"line":28,"column":16},"end":{"line":28,"column":30}},"13":{"start":{"line":32,"column":8},"end":{"line":34,"column":9}},"14":{"start":{"line":33,"column":12},"end":{"line":33,"column":25}}},"fnMap":{"0":{"name":"observe","decl":{"start":{"line":4,"column":16},"end":{"line":4,"column":23}},"loc":{"start":{"line":4,"column":38},"end":{"line":36,"column":1}},"line":4},"1":{"name":"(anonymous_1)","decl":{"start":{"line":17,"column":16},"end":{"line":17,"column":17}},"loc":{"start":{"line":17,"column":27},"end":{"line":23,"column":13}},"line":17},"2":{"name":"(anonymous_2)","decl":{"start":{"line":25,"column":17},"end":{"line":25,"column":18}},"loc":{"start":{"line":25,"column":34},"end":{"line":29,"column":13}},"line":25}},"branchMap":{"0":{"loc":{"start":{"line":6,"column":4},"end":{"line":6,"column":49}},"type":"if","locations":[{"start":{"line":6,"column":4},"end":{"line":6,"column":49}},{"start":{},"end":{}}],"line":6},"1":{"loc":{"start":{"line":6,"column":7},"end":{"line":6,"column":40}},"type":"binary-expr","locations":[{"start":{"line":6,"column":7},"end":{"line":6,"column":12}},{"start":{"line":6,"column":16},"end":{"line":6,"column":40}}],"line":6},"2":{"loc":{"start":{"line":18,"column":16},"end":{"line":21,"column":17}},"type":"if","locations":[{"start":{"line":18,"column":16},"end":{"line":21,"column":17}},{"start":{},"end":{}}],"line":18},"3":{"loc":{"start":{"line":32,"column":8},"end":{"line":34,"column":9}},"type":"if","locations":[{"start":{"line":32,"column":8},"end":{"line":34,"column":9}},{"start":{},"end":{}}],"line":32}},"s":{"0":6,"1":0,"2":6,"3":26,"4":26,"5":26,"6":27,"7":15,"8":15,"9":27,"10":4,"11":4,"12":4,"13":26,"14":0},"f":{"0":6,"1":27,"2":4},"b":{"0":[0,6],"1":[6,6],"2":[15,12],"3":[0,26]},"_coverageSchema":"1a1c01bbd47fc00a2c39e90264f33305004495a9","hash":"c8215a62be0bcbcb532204824a62b6ab1f610c94"}
}
