TN:
SF:doubleBond.ts
FN:8,(anonymous_0)
FN:13,(anonymous_1)
FN:17,(anonymous_2)
FN:18,(anonymous_3)
FN:30,(anonymous_4)
FN:37,(anonymous_5)
FN:46,(anonymous_6)
FN:54,(anonymous_7)
FNF:8
FNH:8
FNDA:26,(anonymous_0)
FNDA:10,(anonymous_1)
FNDA:4,(anonymous_2)
FNDA:5,(anonymous_3)
FNDA:12,(anonymous_4)
FNDA:5,(anonymous_5)
FNDA:17,(anonymous_6)
FNDA:15,(anonymous_7)
DA:2,1
DA:3,1
DA:9,26
DA:10,26
DA:14,10
DA:18,4
DA:19,5
DA:31,12
DA:32,12
DA:33,12
DA:34,12
DA:35,12
DA:38,5
DA:39,5
DA:40,5
DA:41,5
DA:42,5
DA:47,17
DA:48,17
DA:49,17
DA:50,17
DA:51,17
DA:56,15
DA:57,15
DA:58,10
DA:59,10
DA:60,10
LF:27
LH:27
BRDA:40,0,0,5
BRDA:40,0,1,0
BRDA:57,1,0,10
BRDA:57,1,1,5
BRF:4
BRH:3
end_of_record
TN:
SF:myCompiler.ts
FN:6,(anonymous_0)
FN:12,(anonymous_1)
FN:16,(anonymous_2)
FN:19,(anonymous_3)
FN:28,(anonymous_4)
FN:30,(anonymous_5)
FN:39,(anonymous_6)
FN:43,(anonymous_7)
FN:46,(anonymous_8)
FN:56,(anonymous_9)
FN:65,(anonymous_10)
FN:69,(anonymous_11)
FN:73,(anonymous_12)
FN:80,(anonymous_13)
FNF:14
FNH:14
FNDA:6,(anonymous_0)
FNDA:6,(anonymous_1)
FNDA:18,(anonymous_2)
FNDA:12,(anonymous_3)
FNDA:11,(anonymous_4)
FNDA:11,(anonymous_5)
FNDA:2,(anonymous_6)
FNDA:2,(anonymous_7)
FNDA:2,(anonymous_8)
FNDA:1,(anonymous_9)
FNDA:11,(anonymous_10)
FNDA:9,(anonymous_11)
FNDA:7,(anonymous_12)
FNDA:3,(anonymous_13)
DA:7,6
DA:8,6
DA:9,6
DA:13,6
DA:17,18
DA:18,11
DA:19,11
DA:20,12
DA:22,7
DA:23,7
DA:29,11
DA:30,11
DA:31,11
DA:32,2
DA:33,9
DA:34,1
DA:40,2
DA:41,2
DA:42,2
DA:43,2
DA:44,2
DA:46,2
DA:47,2
DA:57,1
DA:58,1
DA:59,1
DA:60,1
DA:61,1
DA:66,11
DA:70,9
DA:74,7
DA:76,7
DA:77,10
DA:78,10
DA:79,10
DA:80,10
DA:81,3
LF:37
LH:37
BRDA:17,0,0,11
BRDA:17,0,1,7
BRDA:22,1,0,7
BRDA:22,1,1,0
BRDA:31,2,0,2
BRDA:31,2,1,9
BRDA:33,3,0,1
BRDA:33,3,1,8
BRF:8
BRH:7
end_of_record
TN:
SF:myMVVM.ts
FN:7,(anonymous_0)
FN:13,(anonymous_1)
FN:28,(anonymous_2)
FN:32,(anonymous_3)
FNF:4
FNH:2
FNDA:6,(anonymous_0)
FNDA:6,(anonymous_1)
FNDA:0,(anonymous_2)
FNDA:0,(anonymous_3)
DA:8,6
DA:9,6
DA:10,6
DA:11,6
DA:15,6
DA:16,6
DA:17,6
DA:19,6
DA:20,5
DA:23,6
DA:24,26
DA:29,0
DA:33,0
LF:13
LH:11
BRDA:16,0,0,6
BRDA:16,0,1,0
BRDA:17,1,0,6
BRDA:17,1,1,0
BRF:4
BRH:2
end_of_record
TN:
SF:myObserve.ts
FN:4,observe
FN:17,(anonymous_1)
FN:25,(anonymous_2)
FNF:3
FNH:3
FNDA:6,observe
FNDA:27,(anonymous_1)
FNDA:4,(anonymous_2)
DA:6,6
DA:8,6
DA:10,26
DA:11,26
DA:13,26
DA:18,27
DA:19,15
DA:20,15
DA:22,27
DA:26,4
DA:27,4
DA:28,4
DA:32,26
DA:33,0
LF:14
LH:13
BRDA:6,0,0,0
BRDA:6,0,1,6
BRDA:6,1,0,6
BRDA:6,1,1,6
BRDA:18,2,0,15
BRDA:18,2,1,12
BRDA:32,3,0,0
BRDA:32,3,1,26
BRF:8
BRH:6
end_of_record
